Using pre-set license
Built from '2020.3/staging' branch; Version is '2020.3.10f1 (297d780c91bc) revision 2719096'; Using compiler version '192528614'; Build Type 'Release'
OS: 'Windows 10 Pro; OS build 19042.985; Version 2009; 64bit' Language: 'en' Physical Memory: 16258 MB
BatchMode: 1, IsHumanControllingUs: 0, StartBugReporterOnCrash: 0, Is64bit: 1, IsPro: 0

 COMMAND LINE ARGUMENTS:
C:\Program Files\Unity\Hub\Editor\2018.4.9f1\Editor\Unity.exe
-adb2
-batchMode
-noUpm
-name
AssetImportWorker0
-projectPath
F:/Projects/Unity Projects/3D/Final-Mn-H
-logFile
Logs/AssetImportWorker0.log
-srvPort
61701
Successfully changed project path to: F:/Projects/Unity Projects/3D/Final-Mn-H
F:/Projects/Unity Projects/3D/Final-Mn-H
Using Asset Import Pipeline V2.
Refreshing native plugins compatible for Editor in 74.04 ms, found 2 plugins.
Preloading 0 native plugins for Editor in 0.00 ms.
Initialize engine version: 2020.3.10f1 (297d780c91bc)
[Subsystems] Discovering subsystems at path C:/Program Files/Unity/Hub/Editor/2018.4.9f1/Editor/Data/Resources/UnitySubsystems
[Subsystems] Discovering subsystems at path F:/Projects/Unity Projects/3D/Final-Mn-H/Assets
GfxDevice: creating device client; threaded=0
Direct3D:
    Version:  Direct3D 11.0 [level 11.1]
    Renderer: NVIDIA GeForce MX150 (ID=0x1d10)
    Vendor:   
    VRAM:     4027 MB
    Driver:   27.21.14.6663
Initialize mono
Mono path[0] = 'C:/Program Files/Unity/Hub/Editor/2018.4.9f1/Editor/Data/Managed'
Mono path[1] = 'C:/Program Files/Unity/Hub/Editor/2018.4.9f1/Editor/Data/MonoBleedingEdge/lib/mono/unityjit'
Mono config path = 'C:/Program Files/Unity/Hub/Editor/2018.4.9f1/Editor/Data/MonoBleedingEdge/etc'
Using monoOptions --debugger-agent=transport=dt_socket,embedding=1,server=y,suspend=n,address=127.0.0.1:56876
Begin MonoManager ReloadAssembly
Registering precompiled unity dll's ...
Register platform support module: C:/Program Files/Unity/Hub/Editor/2018.4.9f1/Editor/Data/PlaybackEngines/WindowsStandaloneSupport/UnityEditor.WindowsStandalone.Extensions.dll
Registered in 0.006743 seconds.
Native extension for WindowsStandalone target not found
Refreshing native plugins compatible for Editor in 69.18 ms, found 2 plugins.
Preloading 0 native plugins for Editor in 0.00 ms.
Mono: successfully reloaded assembly
- Completed reload, in  2.486 seconds
Platform modules already initialized, skipping
Registering precompiled user dll's ...
Registered in 0.006689 seconds.
Begin MonoManager ReloadAssembly
Native extension for WindowsStandalone target not found
Refreshing native plugins compatible for Editor in 0.67 ms, found 2 plugins.
Preloading 0 native plugins for Editor in 0.00 ms.
Mono: successfully reloaded assembly
- Completed reload, in  2.444 seconds
Platform modules already initialized, skipping
========================================================================
Worker process is ready to serve import requests
Launched and connected shader compiler UnityShaderCompiler.exe after 0.26 seconds
Refreshing native plugins compatible for Editor in 1.10 ms, found 2 plugins.
Preloading 0 native plugins for Editor in 0.00 ms.
Unloading 1430 Unused Serialized files (Serialized files now loaded: 0)
System memory in use before: 144.0 MB.
System memory in use after: 144.1 MB.

Unloading 18 unused Assets to reduce memory usage. Loaded Objects now: 1871.
Total: 3.541000 ms (FindLiveObjects: 0.263000 ms CreateObjectMapping: 0.097600 ms MarkObjects: 3.027400 ms  DeleteObjects: 0.150100 ms)

========================================================================
Received Import Request.
  path: Assets/Scripts/AiFollow.cs
  artifactKey: Guid(69dd66f77fa811b449c80731105bccb1) Importer(815301076,1909f56bfc062723c751e8b465ee728b)
Start importing Assets/Scripts/AiFollow.cs using Guid(69dd66f77fa811b449c80731105bccb1) Importer(815301076,1909f56bfc062723c751e8b465ee728b)  -> (artifact id: '96cfe5a44b15acf4822dedd905f897f1') in 0.574727 seconds
  Import took 0.599018 seconds .

========================================================================
Received Import Request.
  Time since last request: 385.976166 seconds.
  path: Assets/Scripts/Captured.cs
  artifactKey: Guid(bcb183a411cfc674382b362744fc2b1a) Importer(815301076,1909f56bfc062723c751e8b465ee728b)
Start importing Assets/Scripts/Captured.cs using Guid(bcb183a411cfc674382b362744fc2b1a) Importer(815301076,1909f56bfc062723c751e8b465ee728b)  -> (artifact id: '10029f4c89d2ae70612869132ad72d4e') in 0.017020 seconds
  Import took 0.475395 seconds .

========================================================================
Received Import Request.
  Time since last request: 83.243274 seconds.
  path: Assets/Scripts/FinishLevel.cs
  artifactKey: Guid(4c4e7335d11460d4cb7ea3b5e65adfca) Importer(815301076,1909f56bfc062723c751e8b465ee728b)
Start importing Assets/Scripts/FinishLevel.cs using Guid(4c4e7335d11460d4cb7ea3b5e65adfca) Importer(815301076,1909f56bfc062723c751e8b465ee728b)  -> (artifact id: '8c75a00e37c32eab62f702f101082729') in 0.021615 seconds
  Import took 0.516018 seconds .

========================================================================
Received Import Request.
  Time since last request: 608.354324 seconds.
  path: Assets/Scenes/Credits.unity
  artifactKey: Guid(aa01652a87270ac43a123dcabb1c46bf) Importer(815301076,1909f56bfc062723c751e8b465ee728b)
Start importing Assets/Scenes/Credits.unity using Guid(aa01652a87270ac43a123dcabb1c46bf) Importer(815301076,1909f56bfc062723c751e8b465ee728b)  -> (artifact id: 'b465d830eab9c98f268df1d59732776f') in 0.059635 seconds
  Import took 0.196625 seconds .

========================================================================
Received Import Request.
  Time since last request: 66.052482 seconds.
  path: Assets/Scenes/level003.unity
  artifactKey: Guid(cb9befd642f0c03438a914c7b274681d) Importer(815301076,1909f56bfc062723c751e8b465ee728b)
Start importing Assets/Scenes/level003.unity using Guid(cb9befd642f0c03438a914c7b274681d) Importer(815301076,1909f56bfc062723c751e8b465ee728b)  -> (artifact id: '50f5d77f3c3633892416558a69ac4c95') in 0.037820 seconds
  Import took 0.059137 seconds .

========================================================================
Received Import Request.
  Time since last request: 0.004574 seconds.
  path: Assets/Scenes/level003.unity
  artifactKey: Guid(cb9befd642f0c03438a914c7b274681d) Importer(815301076,1909f56bfc062723c751e8b465ee728b)
Start importing Assets/Scenes/level003.unity using Guid(cb9befd642f0c03438a914c7b274681d) Importer(815301076,1909f56bfc062723c751e8b465ee728b)  -> (artifact id: '50f5d77f3c3633892416558a69ac4c95') in 0.006086 seconds
  Import took 0.019493 seconds .

========================================================================
Received Import Request.
  Time since last request: 41.555246 seconds.
  path: Assets/Scenes/level001.unity
  artifactKey: Guid(9fc0d4010bbf28b4594072e72b8655ab) Importer(815301076,1909f56bfc062723c751e8b465ee728b)
Start importing Assets/Scenes/level001.unity using Guid(9fc0d4010bbf28b4594072e72b8655ab) Importer(815301076,1909f56bfc062723c751e8b465ee728b)  -> (artifact id: '0d95c96dac8746938b66ffb069cafa01') in 0.018333 seconds
  Import took 0.052838 seconds .

========================================================================
Received Import Request.
  Time since last request: 64.459801 seconds.
  path: Assets/Animation/Platform001.controller
  artifactKey: Guid(2989b1929c4fd7040a70ed3d4f6a33c5) Importer(815301076,1909f56bfc062723c751e8b465ee728b)
Start importing Assets/Animation/Platform001.controller using Guid(2989b1929c4fd7040a70ed3d4f6a33c5) Importer(815301076,1909f56bfc062723c751e8b465ee728b)  -> (artifact id: 'f127121c948927777d712121be5f7615') in 0.042303 seconds
  Import took 0.062711 seconds .

========================================================================
Received Import Request.
  Time since last request: 13.099799 seconds.
  path: Assets/Animation/FadeIn.anim
  artifactKey: Guid(450effa5c281c194786bb0d2c1dc33c1) Importer(815301076,1909f56bfc062723c751e8b465ee728b)
Start importing Assets/Animation/FadeIn.anim using Guid(450effa5c281c194786bb0d2c1dc33c1) Importer(815301076,1909f56bfc062723c751e8b465ee728b)  -> (artifact id: '1a3e245d1bcbb9e32aa30a43ee034d6b') in 0.032784 seconds
  Import took 0.049184 seconds .

========================================================================
Received Import Request.
  Time since last request: 0.019420 seconds.
  path: Assets/Animation/FadeIn.anim
  artifactKey: Guid(450effa5c281c194786bb0d2c1dc33c1) Importer(815301076,1909f56bfc062723c751e8b465ee728b)
Start importing Assets/Animation/FadeIn.anim using Guid(450effa5c281c194786bb0d2c1dc33c1) Importer(815301076,1909f56bfc062723c751e8b465ee728b)  -> (artifact id: '1a3e245d1bcbb9e32aa30a43ee034d6b') in 0.023478 seconds
  Import took 0.030915 seconds .

========================================================================
Received Prepare
Registering precompiled user dll's ...
Registered in 0.338467 seconds.
Begin MonoManager ReloadAssembly
Native extension for WindowsStandalone target not found
Refreshing native plugins compatible for Editor in 0.83 ms, found 2 plugins.
Preloading 0 native plugins for Editor in 0.00 ms.
Mono: successfully reloaded assembly
- Completed reload, in  3.612 seconds
Platform modules already initialized, skipping
Refreshing native plugins compatible for Editor in 1.35 ms, found 2 plugins.
Preloading 0 native plugins for Editor in 0.00 ms.
Unloading 1414 Unused Serialized files (Serialized files now loaded: 0)
System memory in use before: 142.9 MB.
System memory in use after: 143.0 MB.

Unloading 13 unused Assets to reduce memory usage. Loaded Objects now: 1874.
Total: 5.263100 ms (FindLiveObjects: 0.984300 ms CreateObjectMapping: 0.517800 ms MarkObjects: 3.716900 ms  DeleteObjects: 0.041600 ms)

========================================================================
Received Prepare
Registering precompiled user dll's ...
Registered in 0.014772 seconds.
Begin MonoManager ReloadAssembly
Native extension for WindowsStandalone target not found
Refreshing native plugins compatible for Editor in 0.62 ms, found 2 plugins.
Preloading 0 native plugins for Editor in 0.00 ms.
Mono: successfully reloaded assembly
- Completed reload, in  2.621 seconds
Platform modules already initialized, skipping
Refreshing native plugins compatible for Editor in 0.72 ms, found 2 plugins.
Preloading 0 native plugins for Editor in 0.00 ms.
Unloading 1414 Unused Serialized files (Serialized files now loaded: 0)
System memory in use before: 142.9 MB.
System memory in use after: 143.0 MB.

Unloading 13 unused Assets to reduce memory usage. Loaded Objects now: 1877.
Total: 4.273200 ms (FindLiveObjects: 0.422000 ms CreateObjectMapping: 0.149400 ms MarkObjects: 3.659700 ms  DeleteObjects: 0.037700 ms)

========================================================================
Received Import Request.
  Time since last request: 728.658057 seconds.
  path: Assets/Scripts/FinishLevel.cs
  artifactKey: Guid(4c4e7335d11460d4cb7ea3b5e65adfca) Importer(815301076,1909f56bfc062723c751e8b465ee728b)
Start importing Assets/Scripts/FinishLevel.cs using Guid(4c4e7335d11460d4cb7ea3b5e65adfca) Importer(815301076,1909f56bfc062723c751e8b465ee728b)  -> (artifact id: '2041b86afdff35bff548d6e7bc21800e') in 0.022279 seconds
  Import took 0.136996 seconds .

========================================================================
Received Prepare
Registering precompiled user dll's ...
Registered in 0.006122 seconds.
Begin MonoManager ReloadAssembly
Native extension for WindowsStandalone target not found
Refreshing native plugins compatible for Editor in 0.65 ms, found 2 plugins.
Preloading 0 native plugins for Editor in 0.00 ms.
Mono: successfully reloaded assembly
- Completed reload, in  2.632 seconds
Platform modules already initialized, skipping
Refreshing native plugins compatible for Editor in 0.62 ms, found 2 plugins.
Preloading 0 native plugins for Editor in 0.00 ms.
Unloading 1414 Unused Serialized files (Serialized files now loaded: 0)
System memory in use before: 143.0 MB.
System memory in use after: 143.1 MB.

Unloading 13 unused Assets to reduce memory usage. Loaded Objects now: 1880.
Total: 3.579300 ms (FindLiveObjects: 0.273500 ms CreateObjectMapping: 0.113500 ms MarkObjects: 3.153800 ms  DeleteObjects: 0.036300 ms)

========================================================================
Received Prepare
Registering precompiled user dll's ...
Registered in 0.008235 seconds.
Begin MonoManager ReloadAssembly
Native extension for WindowsStandalone target not found
Refreshing native plugins compatible for Editor in 1.21 ms, found 2 plugins.
Preloading 0 native plugins for Editor in 0.00 ms.
Mono: successfully reloaded assembly
- Completed reload, in  4.085 seconds
Platform modules already initialized, skipping
Refreshing native plugins compatible for Editor in 1.53 ms, found 2 plugins.
Preloading 0 native plugins for Editor in 0.00 ms.
Unloading 1414 Unused Serialized files (Serialized files now loaded: 0)
System memory in use before: 143.0 MB.
System memory in use after: 143.1 MB.

Unloading 13 unused Assets to reduce memory usage. Loaded Objects now: 1883.
Total: 13.701600 ms (FindLiveObjects: 0.577500 ms CreateObjectMapping: 0.167000 ms MarkObjects: 12.874800 ms  DeleteObjects: 0.079300 ms)

========================================================================
Received Prepare
Registering precompiled user dll's ...
Registered in 0.005628 seconds.
Begin MonoManager ReloadAssembly
Native extension for WindowsStandalone target not found
Refreshing native plugins compatible for Editor in 0.98 ms, found 2 plugins.
Preloading 0 native plugins for Editor in 0.00 ms.
Mono: successfully reloaded assembly
- Completed reload, in  2.108 seconds
Platform modules already initialized, skipping
Refreshing native plugins compatible for Editor in 0.75 ms, found 2 plugins.
Preloading 0 native plugins for Editor in 0.00 ms.
Unloading 1414 Unused Serialized files (Serialized files now loaded: 0)
System memory in use before: 143.0 MB.
System memory in use after: 143.1 MB.

Unloading 13 unused Assets to reduce memory usage. Loaded Objects now: 1886.
Total: 4.014700 ms (FindLiveObjects: 0.322400 ms CreateObjectMapping: 0.094500 ms MarkObjects: 3.557100 ms  DeleteObjects: 0.038000 ms)

AssetImportWorkerClient::OnTransportError - code=2 error=End of file
