Using pre-set license
Built from '2020.3/staging' branch; Version is '2020.3.10f1 (297d780c91bc) revision 2719096'; Using compiler version '192528614'; Build Type 'Release'
OS: 'Windows 10 Pro; OS build 19042.985; Version 2009; 64bit' Language: 'en' Physical Memory: 16258 MB
BatchMode: 1, IsHumanControllingUs: 0, StartBugReporterOnCrash: 0, Is64bit: 1, IsPro: 0

 COMMAND LINE ARGUMENTS:
C:\Program Files\Unity\Hub\Editor\2018.4.9f1\Editor\Unity.exe
-adb2
-batchMode
-noUpm
-name
AssetImportWorker0
-projectPath
F:/Projects/Unity Projects/3D/Final-Mn-H
-logFile
Logs/AssetImportWorker0.log
-srvPort
58900
Successfully changed project path to: F:/Projects/Unity Projects/3D/Final-Mn-H
F:/Projects/Unity Projects/3D/Final-Mn-H
Using Asset Import Pipeline V2.
Refreshing native plugins compatible for Editor in 223.40 ms, found 2 plugins.
Preloading 0 native plugins for Editor in 0.00 ms.
Initialize engine version: 2020.3.10f1 (297d780c91bc)
[Subsystems] Discovering subsystems at path C:/Program Files/Unity/Hub/Editor/2018.4.9f1/Editor/Data/Resources/UnitySubsystems
[Subsystems] Discovering subsystems at path F:/Projects/Unity Projects/3D/Final-Mn-H/Assets
GfxDevice: creating device client; threaded=0
Direct3D:
    Version:  Direct3D 11.0 [level 11.1]
    Renderer: NVIDIA GeForce MX150 (ID=0x1d10)
    Vendor:   
    VRAM:     4027 MB
    Driver:   27.21.14.6663
Initialize mono
Mono path[0] = 'C:/Program Files/Unity/Hub/Editor/2018.4.9f1/Editor/Data/Managed'
Mono path[1] = 'C:/Program Files/Unity/Hub/Editor/2018.4.9f1/Editor/Data/MonoBleedingEdge/lib/mono/unityjit'
Mono config path = 'C:/Program Files/Unity/Hub/Editor/2018.4.9f1/Editor/Data/MonoBleedingEdge/etc'
Using monoOptions --debugger-agent=transport=dt_socket,embedding=1,server=y,suspend=n,address=127.0.0.1:56396
Begin MonoManager ReloadAssembly
Registering precompiled unity dll's ...
Register platform support module: C:/Program Files/Unity/Hub/Editor/2018.4.9f1/Editor/Data/PlaybackEngines/WindowsStandaloneSupport/UnityEditor.WindowsStandalone.Extensions.dll
Registered in 0.004419 seconds.
Native extension for WindowsStandalone target not found
Refreshing native plugins compatible for Editor in 86.57 ms, found 2 plugins.
Preloading 0 native plugins for Editor in 0.00 ms.
Mono: successfully reloaded assembly
- Completed reload, in  2.820 seconds
Platform modules already initialized, skipping
Registering precompiled user dll's ...
Registered in 0.006248 seconds.
Begin MonoManager ReloadAssembly
Native extension for WindowsStandalone target not found
Refreshing native plugins compatible for Editor in 0.61 ms, found 2 plugins.
Preloading 0 native plugins for Editor in 0.00 ms.
Mono: successfully reloaded assembly
- Completed reload, in  2.675 seconds
Platform modules already initialized, skipping
========================================================================
Worker process is ready to serve import requests
Launched and connected shader compiler UnityShaderCompiler.exe after 0.18 seconds
Refreshing native plugins compatible for Editor in 0.74 ms, found 2 plugins.
Preloading 0 native plugins for Editor in 0.00 ms.
Unloading 1430 Unused Serialized files (Serialized files now loaded: 0)
System memory in use before: 144.0 MB.
System memory in use after: 144.1 MB.

Unloading 18 unused Assets to reduce memory usage. Loaded Objects now: 1871.
Total: 3.604100 ms (FindLiveObjects: 0.345600 ms CreateObjectMapping: 0.155200 ms MarkObjects: 2.942900 ms  DeleteObjects: 0.153900 ms)

========================================================================
Received Import Request.
  path: Assets/Scripts/AiFollow.cs
  artifactKey: Guid(69dd66f77fa811b449c80731105bccb1) Importer(815301076,1909f56bfc062723c751e8b465ee728b)
Start importing Assets/Scripts/AiFollow.cs using Guid(69dd66f77fa811b449c80731105bccb1) Importer(815301076,1909f56bfc062723c751e8b465ee728b)  -> (artifact id: 'eff721b5d47baf40e11252752069d9ea') in 0.067677 seconds
  Import took 0.083759 seconds .

========================================================================
Received Prepare
Registering precompiled user dll's ...
Registered in 0.005807 seconds.
Begin MonoManager ReloadAssembly
Native extension for WindowsStandalone target not found
Refreshing native plugins compatible for Editor in 1.31 ms, found 2 plugins.
Preloading 0 native plugins for Editor in 0.00 ms.
Mono: successfully reloaded assembly
- Completed reload, in  2.694 seconds
Platform modules already initialized, skipping
Refreshing native plugins compatible for Editor in 0.64 ms, found 2 plugins.
Preloading 0 native plugins for Editor in 0.00 ms.
Unloading 1414 Unused Serialized files (Serialized files now loaded: 0)
System memory in use before: 142.8 MB.
System memory in use after: 142.9 MB.

Unloading 13 unused Assets to reduce memory usage. Loaded Objects now: 1874.
Total: 3.713600 ms (FindLiveObjects: 0.336200 ms CreateObjectMapping: 0.089400 ms MarkObjects: 3.246200 ms  DeleteObjects: 0.039000 ms)

========================================================================
Received Import Request.
  Time since last request: 52.414802 seconds.
  path: Assets/Scripts/AiFollow.cs
  artifactKey: Guid(69dd66f77fa811b449c80731105bccb1) Importer(815301076,1909f56bfc062723c751e8b465ee728b)
Start importing Assets/Scripts/AiFollow.cs using Guid(69dd66f77fa811b449c80731105bccb1) Importer(815301076,1909f56bfc062723c751e8b465ee728b)  -> (artifact id: '93e8389450bd10a0f6861ea522e02785') in 0.006556 seconds
  Import took 0.042995 seconds .

========================================================================
Received Import Request.
  Time since last request: 0.015043 seconds.
  path: Assets/Scripts/AiFollow.cs
  artifactKey: Guid(69dd66f77fa811b449c80731105bccb1) Importer(815301076,1909f56bfc062723c751e8b465ee728b)
Start importing Assets/Scripts/AiFollow.cs using Guid(69dd66f77fa811b449c80731105bccb1) Importer(815301076,1909f56bfc062723c751e8b465ee728b)  -> (artifact id: '93e8389450bd10a0f6861ea522e02785') in 0.003108 seconds
  Import took 0.044264 seconds .

========================================================================
Received Prepare
Registering precompiled user dll's ...
Registered in 0.014264 seconds.
Begin MonoManager ReloadAssembly
Native extension for WindowsStandalone target not found
Refreshing native plugins compatible for Editor in 1.23 ms, found 2 plugins.
Preloading 0 native plugins for Editor in 0.00 ms.
Mono: successfully reloaded assembly
- Completed reload, in  3.452 seconds
Platform modules already initialized, skipping
Refreshing native plugins compatible for Editor in 1.25 ms, found 2 plugins.
Preloading 0 native plugins for Editor in 0.00 ms.
Unloading 1414 Unused Serialized files (Serialized files now loaded: 0)
System memory in use before: 142.9 MB.
System memory in use after: 143.0 MB.

Unloading 13 unused Assets to reduce memory usage. Loaded Objects now: 1877.
Total: 4.276800 ms (FindLiveObjects: 0.489200 ms CreateObjectMapping: 0.203700 ms MarkObjects: 3.542700 ms  DeleteObjects: 0.038000 ms)

========================================================================
Received Prepare
Registering precompiled user dll's ...
Registered in 0.028347 seconds.
Begin MonoManager ReloadAssembly
Native extension for WindowsStandalone target not found
Refreshing native plugins compatible for Editor in 0.66 ms, found 2 plugins.
Preloading 0 native plugins for Editor in 0.00 ms.
Mono: successfully reloaded assembly
- Completed reload, in  3.008 seconds
Platform modules already initialized, skipping
Refreshing native plugins compatible for Editor in 0.62 ms, found 2 plugins.
Preloading 0 native plugins for Editor in 0.00 ms.
Unloading 1414 Unused Serialized files (Serialized files now loaded: 0)
System memory in use before: 142.9 MB.
System memory in use after: 143.0 MB.

Unloading 13 unused Assets to reduce memory usage. Loaded Objects now: 1880.
Total: 4.259000 ms (FindLiveObjects: 0.443300 ms CreateObjectMapping: 0.120200 ms MarkObjects: 3.656500 ms  DeleteObjects: 0.035900 ms)

========================================================================
Received Import Request.
  Time since last request: 55.858101 seconds.
  path: Assets/Scripts/AiFollow.cs
  artifactKey: Guid(69dd66f77fa811b449c80731105bccb1) Importer(815301076,1909f56bfc062723c751e8b465ee728b)
Start importing Assets/Scripts/AiFollow.cs using Guid(69dd66f77fa811b449c80731105bccb1) Importer(815301076,1909f56bfc062723c751e8b465ee728b)  -> (artifact id: 'e70eb5cb78099a90d7fc3687ef0f671a') in 0.008158 seconds
  Import took 0.013933 seconds .

========================================================================
Received Prepare
Registering precompiled user dll's ...
Registered in 0.016668 seconds.
Begin MonoManager ReloadAssembly
Native extension for WindowsStandalone target not found
Refreshing native plugins compatible for Editor in 1.01 ms, found 2 plugins.
Preloading 0 native plugins for Editor in 0.00 ms.
Mono: successfully reloaded assembly
- Completed reload, in  2.582 seconds
Platform modules already initialized, skipping
Refreshing native plugins compatible for Editor in 1.03 ms, found 2 plugins.
Preloading 0 native plugins for Editor in 0.00 ms.
Unloading 1414 Unused Serialized files (Serialized files now loaded: 0)
System memory in use before: 142.9 MB.
System memory in use after: 143.0 MB.

Unloading 13 unused Assets to reduce memory usage. Loaded Objects now: 1883.
Total: 4.645900 ms (FindLiveObjects: 0.458600 ms CreateObjectMapping: 0.166100 ms MarkObjects: 3.977100 ms  DeleteObjects: 0.040700 ms)

========================================================================
Received Import Request.
  Time since last request: 61.133678 seconds.
  path: Assets/Scripts/AiFollow.cs
  artifactKey: Guid(69dd66f77fa811b449c80731105bccb1) Importer(815301076,1909f56bfc062723c751e8b465ee728b)
Start importing Assets/Scripts/AiFollow.cs using Guid(69dd66f77fa811b449c80731105bccb1) Importer(815301076,1909f56bfc062723c751e8b465ee728b)  -> (artifact id: '64deb26f4b71b276f2047a1e5e08be3d') in 0.013886 seconds
  Import took 0.247410 seconds .

========================================================================
Received Import Request.
  Time since last request: 2.503790 seconds.
  path: Assets/Scripts/AiFollow.cs
  artifactKey: Guid(69dd66f77fa811b449c80731105bccb1) Importer(815301076,1909f56bfc062723c751e8b465ee728b)
Start importing Assets/Scripts/AiFollow.cs using Guid(69dd66f77fa811b449c80731105bccb1) Importer(815301076,1909f56bfc062723c751e8b465ee728b)  -> (artifact id: '64deb26f4b71b276f2047a1e5e08be3d') in 0.002705 seconds
  Import took 0.007827 seconds .

========================================================================
Received Prepare
Registering precompiled user dll's ...
Registered in 0.010661 seconds.
Begin MonoManager ReloadAssembly
Native extension for WindowsStandalone target not found
Refreshing native plugins compatible for Editor in 1.11 ms, found 2 plugins.
Preloading 0 native plugins for Editor in 0.00 ms.
Mono: successfully reloaded assembly
- Completed reload, in  2.649 seconds
Platform modules already initialized, skipping
Refreshing native plugins compatible for Editor in 0.76 ms, found 2 plugins.
Preloading 0 native plugins for Editor in 0.00 ms.
Unloading 1414 Unused Serialized files (Serialized files now loaded: 0)
System memory in use before: 143.0 MB.
System memory in use after: 143.1 MB.

Unloading 13 unused Assets to reduce memory usage. Loaded Objects now: 1886.
Total: 3.990000 ms (FindLiveObjects: 0.628100 ms CreateObjectMapping: 0.157000 ms MarkObjects: 3.163700 ms  DeleteObjects: 0.038800 ms)

========================================================================
Received Import Request.
  Time since last request: 282.971964 seconds.
  path: Assets/Scripts/AiFollow.cs
  artifactKey: Guid(69dd66f77fa811b449c80731105bccb1) Importer(815301076,1909f56bfc062723c751e8b465ee728b)
Start importing Assets/Scripts/AiFollow.cs using Guid(69dd66f77fa811b449c80731105bccb1) Importer(815301076,1909f56bfc062723c751e8b465ee728b)  -> (artifact id: '83d28fee0af70d5492031f7ab263ef73') in 0.007926 seconds
  Import took 0.015819 seconds .

========================================================================
Received Import Request.
  Time since last request: 4.085844 seconds.
  path: Assets/Scripts/AiFollow.cs
  artifactKey: Guid(69dd66f77fa811b449c80731105bccb1) Importer(815301076,1909f56bfc062723c751e8b465ee728b)
Start importing Assets/Scripts/AiFollow.cs using Guid(69dd66f77fa811b449c80731105bccb1) Importer(815301076,1909f56bfc062723c751e8b465ee728b)  -> (artifact id: '83d28fee0af70d5492031f7ab263ef73') in 0.003354 seconds
  Import took 0.008916 seconds .

========================================================================
Received Prepare
Registering precompiled user dll's ...
Registered in 0.008951 seconds.
Begin MonoManager ReloadAssembly
Native extension for WindowsStandalone target not found
Refreshing native plugins compatible for Editor in 0.66 ms, found 2 plugins.
Preloading 0 native plugins for Editor in 0.00 ms.
Mono: successfully reloaded assembly
- Completed reload, in  2.465 seconds
Platform modules already initialized, skipping
Refreshing native plugins compatible for Editor in 0.64 ms, found 2 plugins.
Preloading 0 native plugins for Editor in 0.00 ms.
Unloading 1414 Unused Serialized files (Serialized files now loaded: 0)
System memory in use before: 143.0 MB.
System memory in use after: 143.1 MB.

Unloading 13 unused Assets to reduce memory usage. Loaded Objects now: 1889.
Total: 3.473300 ms (FindLiveObjects: 0.314300 ms CreateObjectMapping: 0.091000 ms MarkObjects: 3.032400 ms  DeleteObjects: 0.033000 ms)

========================================================================
Received Prepare
Registering precompiled user dll's ...
Registered in 0.010740 seconds.
Begin MonoManager ReloadAssembly
Native extension for WindowsStandalone target not found
Refreshing native plugins compatible for Editor in 0.64 ms, found 2 plugins.
Preloading 0 native plugins for Editor in 0.00 ms.
Mono: successfully reloaded assembly
- Completed reload, in  4.926 seconds
Platform modules already initialized, skipping
Refreshing native plugins compatible for Editor in 0.89 ms, found 2 plugins.
Preloading 0 native plugins for Editor in 0.00 ms.
Unloading 1414 Unused Serialized files (Serialized files now loaded: 0)
System memory in use before: 143.0 MB.
System memory in use after: 143.1 MB.

Unloading 13 unused Assets to reduce memory usage. Loaded Objects now: 1892.
Total: 7.068500 ms (FindLiveObjects: 0.419300 ms CreateObjectMapping: 0.174500 ms MarkObjects: 6.424300 ms  DeleteObjects: 0.046600 ms)

========================================================================
Received Prepare
Registering precompiled user dll's ...
Registered in 0.022854 seconds.
Begin MonoManager ReloadAssembly
Native extension for WindowsStandalone target not found
Refreshing native plugins compatible for Editor in 0.67 ms, found 2 plugins.
Preloading 0 native plugins for Editor in 0.00 ms.
Mono: successfully reloaded assembly
- Completed reload, in  2.297 seconds
Platform modules already initialized, skipping
Refreshing native plugins compatible for Editor in 0.70 ms, found 2 plugins.
Preloading 0 native plugins for Editor in 0.00 ms.
Unloading 1414 Unused Serialized files (Serialized files now loaded: 0)
System memory in use before: 143.0 MB.
System memory in use after: 143.1 MB.

Unloading 13 unused Assets to reduce memory usage. Loaded Objects now: 1895.
Total: 3.623900 ms (FindLiveObjects: 0.248600 ms CreateObjectMapping: 0.081800 ms MarkObjects: 3.256500 ms  DeleteObjects: 0.034000 ms)

========================================================================
Received Prepare
Registering precompiled user dll's ...
Registered in 0.017504 seconds.
Begin MonoManager ReloadAssembly
Native extension for WindowsStandalone target not found
Refreshing native plugins compatible for Editor in 0.72 ms, found 2 plugins.
Preloading 0 native plugins for Editor in 0.00 ms.
Mono: successfully reloaded assembly
- Completed reload, in  2.247 seconds
Platform modules already initialized, skipping
Refreshing native plugins compatible for Editor in 0.71 ms, found 2 plugins.
Preloading 0 native plugins for Editor in 0.00 ms.
Unloading 1414 Unused Serialized files (Serialized files now loaded: 0)
System memory in use before: 143.0 MB.
System memory in use after: 143.1 MB.

Unloading 13 unused Assets to reduce memory usage. Loaded Objects now: 1898.
Total: 3.722900 ms (FindLiveObjects: 0.269000 ms CreateObjectMapping: 0.085400 ms MarkObjects: 3.331200 ms  DeleteObjects: 0.034800 ms)

========================================================================
Received Prepare
Registering precompiled user dll's ...
Registered in 0.005566 seconds.
Begin MonoManager ReloadAssembly
Native extension for WindowsStandalone target not found
Refreshing native plugins compatible for Editor in 0.64 ms, found 2 plugins.
Preloading 0 native plugins for Editor in 0.00 ms.
Mono: successfully reloaded assembly
- Completed reload, in  2.481 seconds
Platform modules already initialized, skipping
Refreshing native plugins compatible for Editor in 1.17 ms, found 2 plugins.
Preloading 0 native plugins for Editor in 0.00 ms.
Unloading 1414 Unused Serialized files (Serialized files now loaded: 0)
System memory in use before: 143.0 MB.
System memory in use after: 143.1 MB.

Unloading 13 unused Assets to reduce memory usage. Loaded Objects now: 1901.
Total: 3.205200 ms (FindLiveObjects: 0.274500 ms CreateObjectMapping: 0.091300 ms MarkObjects: 2.800800 ms  DeleteObjects: 0.035800 ms)

========================================================================
Received Prepare
Registering precompiled user dll's ...
Registered in 0.013752 seconds.
Begin MonoManager ReloadAssembly
Native extension for WindowsStandalone target not found
Refreshing native plugins compatible for Editor in 0.82 ms, found 2 plugins.
Preloading 0 native plugins for Editor in 0.00 ms.
Mono: successfully reloaded assembly
- Completed reload, in  4.436 seconds
Platform modules already initialized, skipping
Refreshing native plugins compatible for Editor in 0.63 ms, found 2 plugins.
Preloading 0 native plugins for Editor in 0.00 ms.
Unloading 1414 Unused Serialized files (Serialized files now loaded: 0)
System memory in use before: 143.0 MB.
System memory in use after: 143.1 MB.

Unloading 13 unused Assets to reduce memory usage. Loaded Objects now: 1904.
Total: 3.662400 ms (FindLiveObjects: 0.361300 ms CreateObjectMapping: 0.120100 ms MarkObjects: 3.145800 ms  DeleteObjects: 0.032600 ms)

========================================================================
Received Prepare
Registering precompiled user dll's ...
Registered in 0.005648 seconds.
Begin MonoManager ReloadAssembly
Native extension for WindowsStandalone target not found
Refreshing native plugins compatible for Editor in 0.63 ms, found 2 plugins.
Preloading 0 native plugins for Editor in 0.00 ms.
Mono: successfully reloaded assembly
- Completed reload, in  2.491 seconds
Platform modules already initialized, skipping
Refreshing native plugins compatible for Editor in 1.01 ms, found 2 plugins.
Preloading 0 native plugins for Editor in 0.00 ms.
Unloading 1414 Unused Serialized files (Serialized files now loaded: 0)
System memory in use before: 143.0 MB.
System memory in use after: 143.1 MB.

Unloading 13 unused Assets to reduce memory usage. Loaded Objects now: 1907.
Total: 5.385900 ms (FindLiveObjects: 0.298200 ms CreateObjectMapping: 0.114200 ms MarkObjects: 4.931500 ms  DeleteObjects: 0.039100 ms)

========================================================================
Received Prepare
Registering precompiled user dll's ...
Registered in 0.009080 seconds.
Begin MonoManager ReloadAssembly
Native extension for WindowsStandalone target not found
Refreshing native plugins compatible for Editor in 1.05 ms, found 2 plugins.
Preloading 0 native plugins for Editor in 0.00 ms.
Mono: successfully reloaded assembly
- Completed reload, in  3.609 seconds
Platform modules already initialized, skipping
Refreshing native plugins compatible for Editor in 0.62 ms, found 2 plugins.
Preloading 0 native plugins for Editor in 0.00 ms.
Unloading 1414 Unused Serialized files (Serialized files now loaded: 0)
System memory in use before: 143.0 MB.
System memory in use after: 143.1 MB.

Unloading 13 unused Assets to reduce memory usage. Loaded Objects now: 1910.
Total: 3.292800 ms (FindLiveObjects: 0.268900 ms CreateObjectMapping: 0.088300 ms MarkObjects: 2.892700 ms  DeleteObjects: 0.040500 ms)

========================================================================
Received Prepare
Registering precompiled user dll's ...
Registered in 0.008413 seconds.
Begin MonoManager ReloadAssembly
Native extension for WindowsStandalone target not found
Refreshing native plugins compatible for Editor in 0.60 ms, found 2 plugins.
Preloading 0 native plugins for Editor in 0.00 ms.
Mono: successfully reloaded assembly
- Completed reload, in  2.547 seconds
Platform modules already initialized, skipping
Refreshing native plugins compatible for Editor in 0.78 ms, found 2 plugins.
Preloading 0 native plugins for Editor in 0.00 ms.
Unloading 1414 Unused Serialized files (Serialized files now loaded: 0)
System memory in use before: 143.0 MB.
System memory in use after: 143.1 MB.

Unloading 13 unused Assets to reduce memory usage. Loaded Objects now: 1913.
Total: 3.571400 ms (FindLiveObjects: 0.258700 ms CreateObjectMapping: 0.084600 ms MarkObjects: 3.190000 ms  DeleteObjects: 0.035500 ms)

========================================================================
Received Prepare
Registering precompiled user dll's ...
Registered in 0.010621 seconds.
Begin MonoManager ReloadAssembly
Native extension for WindowsStandalone target not found
Refreshing native plugins compatible for Editor in 1.52 ms, found 2 plugins.
Preloading 0 native plugins for Editor in 0.00 ms.
Mono: successfully reloaded assembly
- Completed reload, in  4.640 seconds
Platform modules already initialized, skipping
Refreshing native plugins compatible for Editor in 1.71 ms, found 2 plugins.
Preloading 0 native plugins for Editor in 0.00 ms.
Unloading 1414 Unused Serialized files (Serialized files now loaded: 0)
System memory in use before: 143.0 MB.
System memory in use after: 143.1 MB.

Unloading 13 unused Assets to reduce memory usage. Loaded Objects now: 1916.
Total: 18.912000 ms (FindLiveObjects: 3.910800 ms CreateObjectMapping: 5.576500 ms MarkObjects: 9.372600 ms  DeleteObjects: 0.046900 ms)

========================================================================
Received Prepare
Registering precompiled user dll's ...
Registered in 0.010885 seconds.
Begin MonoManager ReloadAssembly
Native extension for WindowsStandalone target not found
Refreshing native plugins compatible for Editor in 0.83 ms, found 2 plugins.
Preloading 0 native plugins for Editor in 0.00 ms.
Mono: successfully reloaded assembly
- Completed reload, in  2.882 seconds
Platform modules already initialized, skipping
Refreshing native plugins compatible for Editor in 0.64 ms, found 2 plugins.
Preloading 0 native plugins for Editor in 0.00 ms.
Unloading 1414 Unused Serialized files (Serialized files now loaded: 0)
System memory in use before: 143.0 MB.
System memory in use after: 143.1 MB.

Unloading 13 unused Assets to reduce memory usage. Loaded Objects now: 1919.
Total: 3.694100 ms (FindLiveObjects: 0.333800 ms CreateObjectMapping: 0.104500 ms MarkObjects: 3.214200 ms  DeleteObjects: 0.039400 ms)

========================================================================
Received Prepare
Registering precompiled user dll's ...
Registered in 0.005847 seconds.
Begin MonoManager ReloadAssembly
Native extension for WindowsStandalone target not found
Refreshing native plugins compatible for Editor in 0.63 ms, found 2 plugins.
Preloading 0 native plugins for Editor in 0.00 ms.
Mono: successfully reloaded assembly
- Completed reload, in  3.991 seconds
Platform modules already initialized, skipping
Refreshing native plugins compatible for Editor in 1.33 ms, found 2 plugins.
Preloading 0 native plugins for Editor in 0.00 ms.
Unloading 1414 Unused Serialized files (Serialized files now loaded: 0)
System memory in use before: 143.0 MB.
System memory in use after: 143.1 MB.

Unloading 13 unused Assets to reduce memory usage. Loaded Objects now: 1922.
Total: 6.058700 ms (FindLiveObjects: 0.312600 ms CreateObjectMapping: 0.105300 ms MarkObjects: 5.587200 ms  DeleteObjects: 0.049300 ms)

========================================================================
Received Prepare
Registering precompiled user dll's ...
Registered in 0.005806 seconds.
Begin MonoManager ReloadAssembly
Native extension for WindowsStandalone target not found
Refreshing native plugins compatible for Editor in 0.69 ms, found 2 plugins.
Preloading 0 native plugins for Editor in 0.00 ms.
Mono: successfully reloaded assembly
- Completed reload, in  2.298 seconds
Platform modules already initialized, skipping
Refreshing native plugins compatible for Editor in 0.63 ms, found 2 plugins.
Preloading 0 native plugins for Editor in 0.00 ms.
Unloading 1414 Unused Serialized files (Serialized files now loaded: 0)
System memory in use before: 143.0 MB.
System memory in use after: 143.1 MB.

Unloading 13 unused Assets to reduce memory usage. Loaded Objects now: 1925.
Total: 3.364000 ms (FindLiveObjects: 0.312300 ms CreateObjectMapping: 0.109500 ms MarkObjects: 2.897900 ms  DeleteObjects: 0.042100 ms)

========================================================================
Received Import Request.
  Time since last request: 1643.024669 seconds.
  path: Assets/Scenes/level003.unity
  artifactKey: Guid(cb9befd642f0c03438a914c7b274681d) Importer(815301076,1909f56bfc062723c751e8b465ee728b)
Start importing Assets/Scenes/level003.unity using Guid(cb9befd642f0c03438a914c7b274681d) Importer(815301076,1909f56bfc062723c751e8b465ee728b)  -> (artifact id: 'd9ceee9e4111e3bf188ef513c114db3c') in 0.077035 seconds
  Import took 0.181972 seconds .

========================================================================
Received Prepare
Registering precompiled user dll's ...
Registered in 0.005456 seconds.
Begin MonoManager ReloadAssembly
Native extension for WindowsStandalone target not found
Refreshing native plugins compatible for Editor in 0.74 ms, found 2 plugins.
Preloading 0 native plugins for Editor in 0.00 ms.
Mono: successfully reloaded assembly
- Completed reload, in  2.427 seconds
Platform modules already initialized, skipping
Refreshing native plugins compatible for Editor in 0.64 ms, found 2 plugins.
Preloading 0 native plugins for Editor in 0.00 ms.
Unloading 1414 Unused Serialized files (Serialized files now loaded: 0)
System memory in use before: 143.0 MB.
System memory in use after: 143.1 MB.

Unloading 13 unused Assets to reduce memory usage. Loaded Objects now: 1928.
Total: 3.758000 ms (FindLiveObjects: 0.310300 ms CreateObjectMapping: 0.100700 ms MarkObjects: 3.308000 ms  DeleteObjects: 0.035800 ms)

========================================================================
Received Import Request.
  Time since last request: 110.710864 seconds.
  path: Assets/Scenes/level001.unity
  artifactKey: Guid(9fc0d4010bbf28b4594072e72b8655ab) Importer(815301076,1909f56bfc062723c751e8b465ee728b)
Start importing Assets/Scenes/level001.unity using Guid(9fc0d4010bbf28b4594072e72b8655ab) Importer(815301076,1909f56bfc062723c751e8b465ee728b)  -> (artifact id: 'a74927ec31250a44636465909ae0b867') in 0.035245 seconds
  Import took 0.055726 seconds .

========================================================================
Received Prepare
Registering precompiled user dll's ...
Registered in 0.007972 seconds.
Begin MonoManager ReloadAssembly
Native extension for WindowsStandalone target not found
Refreshing native plugins compatible for Editor in 1.26 ms, found 2 plugins.
Preloading 0 native plugins for Editor in 0.00 ms.
Mono: successfully reloaded assembly
- Completed reload, in  4.830 seconds
Platform modules already initialized, skipping
Refreshing native plugins compatible for Editor in 0.78 ms, found 2 plugins.
Preloading 0 native plugins for Editor in 0.00 ms.
Unloading 1414 Unused Serialized files (Serialized files now loaded: 0)
System memory in use before: 143.1 MB.
System memory in use after: 143.2 MB.

Unloading 13 unused Assets to reduce memory usage. Loaded Objects now: 1931.
Total: 4.101200 ms (FindLiveObjects: 0.447700 ms CreateObjectMapping: 0.115000 ms MarkObjects: 3.494600 ms  DeleteObjects: 0.041200 ms)

========================================================================
Received Prepare
Registering precompiled user dll's ...
Registered in 0.005544 seconds.
Begin MonoManager ReloadAssembly
Native extension for WindowsStandalone target not found
Refreshing native plugins compatible for Editor in 1.13 ms, found 2 plugins.
Preloading 0 native plugins for Editor in 0.00 ms.
Mono: successfully reloaded assembly
- Completed reload, in  3.956 seconds
Platform modules already initialized, skipping
Refreshing native plugins compatible for Editor in 1.23 ms, found 2 plugins.
Preloading 0 native plugins for Editor in 0.00 ms.
Unloading 1414 Unused Serialized files (Serialized files now loaded: 0)
System memory in use before: 143.1 MB.
System memory in use after: 143.2 MB.

Unloading 13 unused Assets to reduce memory usage. Loaded Objects now: 1934.
Total: 3.992600 ms (FindLiveObjects: 0.643900 ms CreateObjectMapping: 0.125300 ms MarkObjects: 3.139500 ms  DeleteObjects: 0.078800 ms)

========================================================================
Received Prepare
Registering precompiled user dll's ...
Registered in 0.006294 seconds.
Begin MonoManager ReloadAssembly
Native extension for WindowsStandalone target not found
Refreshing native plugins compatible for Editor in 0.64 ms, found 2 plugins.
Preloading 0 native plugins for Editor in 0.00 ms.
Mono: successfully reloaded assembly
- Completed reload, in  2.620 seconds
Platform modules already initialized, skipping
Refreshing native plugins compatible for Editor in 0.96 ms, found 2 plugins.
Preloading 0 native plugins for Editor in 0.00 ms.
Unloading 1414 Unused Serialized files (Serialized files now loaded: 0)
System memory in use before: 143.1 MB.
System memory in use after: 143.2 MB.

Unloading 13 unused Assets to reduce memory usage. Loaded Objects now: 1937.
Total: 4.053000 ms (FindLiveObjects: 0.309600 ms CreateObjectMapping: 0.107100 ms MarkObjects: 3.593700 ms  DeleteObjects: 0.040200 ms)

========================================================================
Received Prepare
Registering precompiled user dll's ...
Registered in 0.006188 seconds.
Begin MonoManager ReloadAssembly
Native extension for WindowsStandalone target not found
Refreshing native plugins compatible for Editor in 0.63 ms, found 2 plugins.
Preloading 0 native plugins for Editor in 0.00 ms.
Mono: successfully reloaded assembly
- Completed reload, in  2.285 seconds
Platform modules already initialized, skipping
Refreshing native plugins compatible for Editor in 1.41 ms, found 2 plugins.
Preloading 0 native plugins for Editor in 0.00 ms.
Unloading 1414 Unused Serialized files (Serialized files now loaded: 0)
System memory in use before: 143.1 MB.
System memory in use after: 143.2 MB.

Unloading 13 unused Assets to reduce memory usage. Loaded Objects now: 1940.
Total: 3.454800 ms (FindLiveObjects: 0.272700 ms CreateObjectMapping: 0.088800 ms MarkObjects: 3.056300 ms  DeleteObjects: 0.033600 ms)

========================================================================
Received Import Request.
  Time since last request: 1495.852788 seconds.
  path: Assets/Scripts/FinishLevel.cs
  artifactKey: Guid(4c4e7335d11460d4cb7ea3b5e65adfca) Importer(815301076,1909f56bfc062723c751e8b465ee728b)
Start importing Assets/Scripts/FinishLevel.cs using Guid(4c4e7335d11460d4cb7ea3b5e65adfca) Importer(815301076,1909f56bfc062723c751e8b465ee728b)  -> (artifact id: 'ff17107f8c7af67a8e52e3a09ad803e3') in 0.015836 seconds
  Import took 0.031137 seconds .

========================================================================
Received Prepare
Registering precompiled user dll's ...
Registered in 0.005864 seconds.
Begin MonoManager ReloadAssembly
Native extension for WindowsStandalone target not found
Refreshing native plugins compatible for Editor in 0.65 ms, found 2 plugins.
Preloading 0 native plugins for Editor in 0.00 ms.
Mono: successfully reloaded assembly
- Completed reload, in  2.241 seconds
Platform modules already initialized, skipping
Refreshing native plugins compatible for Editor in 0.71 ms, found 2 plugins.
Preloading 0 native plugins for Editor in 0.00 ms.
Unloading 1414 Unused Serialized files (Serialized files now loaded: 0)
System memory in use before: 143.1 MB.
System memory in use after: 143.2 MB.

Unloading 13 unused Assets to reduce memory usage. Loaded Objects now: 1943.
Total: 3.672700 ms (FindLiveObjects: 0.253800 ms CreateObjectMapping: 0.086700 ms MarkObjects: 3.295000 ms  DeleteObjects: 0.035200 ms)

========================================================================
Received Import Request.
  Time since last request: 433.193031 seconds.
  path: Assets/Scenes/level001.unity
  artifactKey: Guid(9fc0d4010bbf28b4594072e72b8655ab) Importer(815301076,1909f56bfc062723c751e8b465ee728b)
Start importing Assets/Scenes/level001.unity using Guid(9fc0d4010bbf28b4594072e72b8655ab) Importer(815301076,1909f56bfc062723c751e8b465ee728b)  -> (artifact id: '9746de0e89406b8f1466eae3cbb9f320') in 0.234643 seconds
  Import took 0.242031 seconds .

========================================================================
Received Prepare
Registering precompiled user dll's ...
Registered in 0.006216 seconds.
Begin MonoManager ReloadAssembly
Native extension for WindowsStandalone target not found
Refreshing native plugins compatible for Editor in 0.82 ms, found 2 plugins.
Preloading 0 native plugins for Editor in 0.00 ms.
Mono: successfully reloaded assembly
- Completed reload, in  2.345 seconds
Platform modules already initialized, skipping
Refreshing native plugins compatible for Editor in 0.66 ms, found 2 plugins.
Preloading 0 native plugins for Editor in 0.00 ms.
Unloading 1414 Unused Serialized files (Serialized files now loaded: 0)
System memory in use before: 143.1 MB.
System memory in use after: 143.2 MB.

Unloading 13 unused Assets to reduce memory usage. Loaded Objects now: 1946.
Total: 3.576700 ms (FindLiveObjects: 0.288900 ms CreateObjectMapping: 0.097000 ms MarkObjects: 3.143400 ms  DeleteObjects: 0.044800 ms)

========================================================================
Received Prepare
Registering precompiled user dll's ...
Registered in 0.072524 seconds.
Begin MonoManager ReloadAssembly
Native extension for WindowsStandalone target not found
Refreshing native plugins compatible for Editor in 0.64 ms, found 2 plugins.
Preloading 0 native plugins for Editor in 0.00 ms.
Mono: successfully reloaded assembly
- Completed reload, in  2.851 seconds
Platform modules already initialized, skipping
Refreshing native plugins compatible for Editor in 0.85 ms, found 2 plugins.
Preloading 0 native plugins for Editor in 0.00 ms.
Unloading 1414 Unused Serialized files (Serialized files now loaded: 0)
System memory in use before: 143.1 MB.
System memory in use after: 143.2 MB.

Unloading 13 unused Assets to reduce memory usage. Loaded Objects now: 1949.
Total: 3.690400 ms (FindLiveObjects: 0.262700 ms CreateObjectMapping: 0.089200 ms MarkObjects: 3.288200 ms  DeleteObjects: 0.048000 ms)

========================================================================
Received Prepare
Registering precompiled user dll's ...
Registered in 0.006416 seconds.
Begin MonoManager ReloadAssembly
Native extension for WindowsStandalone target not found
Refreshing native plugins compatible for Editor in 0.69 ms, found 2 plugins.
Preloading 0 native plugins for Editor in 0.00 ms.
Mono: successfully reloaded assembly
- Completed reload, in  2.157 seconds
Platform modules already initialized, skipping
Refreshing native plugins compatible for Editor in 0.73 ms, found 2 plugins.
Preloading 0 native plugins for Editor in 0.00 ms.
Unloading 1414 Unused Serialized files (Serialized files now loaded: 0)
System memory in use before: 143.1 MB.
System memory in use after: 143.2 MB.

Unloading 13 unused Assets to reduce memory usage. Loaded Objects now: 1952.
Total: 3.629200 ms (FindLiveObjects: 0.421200 ms CreateObjectMapping: 0.139800 ms MarkObjects: 3.032200 ms  DeleteObjects: 0.033000 ms)

AssetImportWorkerClient::OnTransportError - code=2 error=End of file
